<?xml version="1.0" encoding="utf-8" standalone="no"?>
<!--This file represents the results of running a test suite-->
<test-results name="C:\Users\wagner\Documents\GitHub\HighSchoolMVC\Test\bin\Debug\Test.dll" total="1" errors="0" failures="0" not-run="0" inconclusive="0" ignored="0" skipped="0" invalid="0" date="2013-11-01" time="16:03:54">
  <environment nunit-version="2.6.3.13283" clr-version="4.0.30319.17929" os-version="Microsoft Windows NT 6.2.9200.0" platform="Win32NT" cwd="C:\Users\wagner\Documents\GitHub\HighSchoolMVC\Test\bin\Debug" machine-name="WAGNER-PC" user="wagner" user-domain="Wagner-PC" />
  <culture-info current-culture="en-GB" current-uiculture="en-GB" />
  <test-suite type="Assembly" name="C:\Users\wagner\Documents\GitHub\HighSchoolMVC\Test\bin\Debug\Test.dll" executed="True" result="Success" success="True" time="4.208" asserts="0">
    <results>
      <test-suite type="Namespace" name="Test" executed="True" result="Success" success="True" time="4.202" asserts="0">
        <results>
          <test-suite type="TestFixture" name="User" executed="True" result="Success" success="True" time="4.202" asserts="0">
            <results>
              <test-case name="Test.User.Insert" executed="True" result="Success" success="True" time="4.195" asserts="1" />
            </results>
          </test-suite>
        </results>
      </test-suite>
    </results>
  </test-suite>
</test-results>